2024-04-28 00:20:47 INFO  Colosseum:73 - 

SERVER STARTED
2024-04-28 00:20:50 INFO  Colosseum:282 - Client 0 connected
2024-04-28 00:20:50 INFO  Colosseum:282 - Client 1 connected
2024-04-28 00:20:50 INFO  Colosseum:282 - Client 2 connected
2024-04-28 00:20:50 INFO  Colosseum:282 - Client 3 connected
2024-04-28 00:20:50 INFO  Colosseum:111 - the client sm-1 sent number
2024-04-28 00:20:50 INFO  Colosseum:115 - the client th-1 sent number
2024-04-28 00:20:53 INFO  Colosseum:143 - the client sm-1 damage: 2
2024-04-28 00:20:53 INFO  Colosseum:150 - the client th-1 damage: 2
2024-04-28 00:20:53 INFO  Colosseum:143 - the client sm-1 damage: 3
2024-04-28 00:20:53 INFO  Colosseum:150 - the client th-1 damage: 3
2024-04-28 00:20:53 INFO  Colosseum:143 - the client sm-1 damage: 3
2024-04-28 00:20:53 INFO  Colosseum:150 - the client th-1 damage: 3
2024-04-28 00:20:54 INFO  Colosseum:143 - the client sm-1 damage: 1
2024-04-28 00:20:54 INFO  Colosseum:150 - the client th-1 damage: 3
2024-04-28 00:20:54 INFO  Colosseum:143 - the client sm-1 damage: 3
2024-04-28 00:20:54 INFO  Colosseum:150 - the client th-1 damage: 1
2024-04-28 00:20:54 INFO  Colosseum:143 - the client sm-1 damage: 2
2024-04-28 00:20:54 INFO  Colosseum:150 - the client th-1 damage: 1
2024-04-28 00:20:55 INFO  Colosseum:143 - the client sm-1 damage: 2
2024-04-28 00:20:55 INFO  Colosseum:150 - the client th-1 damage: 1
2024-04-28 00:20:55 INFO  Colosseum:143 - the client sm-1 damage: 3
2024-04-28 00:20:55 INFO  Colosseum:150 - the client th-1 damage: 1
2024-04-28 00:20:56 INFO  Colosseum:143 - the client sm-1 damage: 1
2024-04-28 00:20:56 INFO  Colosseum:150 - the client th-1 damage: 3
2024-04-28 00:20:56 INFO  Colosseum:143 - the client sm-1 damage: 1
2024-04-28 00:20:56 INFO  Colosseum:150 - the client th-1 damage: 2
2024-04-28 00:20:56 INFO  Colosseum:143 - the client sm-1 damage: 3
2024-04-28 00:20:56 INFO  Colosseum:150 - the client th-1 damage: 3
2024-04-28 00:20:57 INFO  Colosseum:143 - the client sm-1 damage: 3
2024-04-28 00:20:57 INFO  Colosseum:150 - the client th-1 damage: 1
2024-04-28 00:20:57 INFO  Colosseum:143 - the client sm-1 damage: 1
2024-04-28 00:20:57 INFO  Colosseum:150 - the client th-1 damage: 2
2024-04-28 00:21:49 INFO  Colosseum:73 - 

SERVER STARTED
2024-04-28 00:21:51 INFO  Colosseum:282 - Client 0 connected
2024-04-28 00:21:51 INFO  Colosseum:282 - Client 1 connected
2024-04-28 00:21:51 INFO  Colosseum:282 - Client 2 connected
2024-04-28 00:21:51 INFO  Colosseum:282 - Client 3 connected
2024-04-28 00:21:51 INFO  Colosseum:111 - the client sm-1 sent number
2024-04-28 00:21:51 INFO  Colosseum:115 - the client th-1 sent number
2024-04-28 00:21:54 INFO  Colosseum:143 - the client sm-1 damage: 3
2024-04-28 00:21:54 INFO  Colosseum:150 - the client th-1 damage: 1
2024-04-28 00:21:55 INFO  Colosseum:143 - the client sm-1 damage: 1
2024-04-28 00:21:55 INFO  Colosseum:150 - the client th-1 damage: 2
2024-04-28 00:21:55 INFO  Colosseum:143 - the client sm-1 damage: 1
2024-04-28 00:21:55 INFO  Colosseum:150 - the client th-1 damage: 1
2024-04-28 00:21:56 INFO  Colosseum:143 - the client sm-1 damage: 2
2024-04-28 00:21:56 INFO  Colosseum:150 - the client th-1 damage: 3
2024-04-28 00:21:56 INFO  Colosseum:143 - the client sm-1 damage: 3
2024-04-28 00:21:56 INFO  Colosseum:150 - the client th-1 damage: 1
2024-04-28 00:21:56 INFO  Colosseum:143 - the client sm-1 damage: 2
2024-04-28 00:21:56 INFO  Colosseum:150 - the client th-1 damage: 3
2024-04-28 00:21:57 INFO  Colosseum:143 - the client sm-1 damage: 3
2024-04-28 00:21:57 INFO  Colosseum:150 - the client th-1 damage: 2
2024-04-28 00:21:57 INFO  Colosseum:143 - the client sm-1 damage: 3
2024-04-28 00:21:57 INFO  Colosseum:150 - the client th-1 damage: 1
2024-04-28 00:21:57 INFO  Colosseum:143 - the client sm-1 damage: 2
2024-04-28 00:21:57 INFO  Colosseum:150 - the client th-1 damage: 3
2024-04-28 00:21:58 INFO  Colosseum:143 - the client sm-1 damage: 1
2024-04-28 00:21:58 INFO  Colosseum:150 - the client th-1 damage: 1
2024-04-28 00:21:58 INFO  Colosseum:143 - the client sm-1 damage: 3
2024-04-28 00:21:58 INFO  Colosseum:150 - the client th-1 damage: 3
2024-04-28 00:21:58 INFO  Colosseum:143 - the client sm-1 damage: 3
2024-04-28 00:21:58 INFO  Colosseum:150 - the client th-1 damage: 1
2024-04-28 00:21:59 INFO  Colosseum:143 - the client sm-1 damage: 1
2024-04-28 00:21:59 INFO  Colosseum:150 - the client th-1 damage: 3
2024-04-28 00:21:59 INFO  Colosseum:143 - the client sm-1 damage: 1
2024-04-28 00:21:59 INFO  Colosseum:150 - the client th-1 damage: 2
2024-04-28 00:21:59 INFO  Colosseum:143 - the client sm-1 damage: 2
2024-04-28 00:21:59 INFO  Colosseum:150 - the client th-1 damage: 3
2024-04-28 00:22:00 INFO  Colosseum:143 - the client sm-1 damage: 1
2024-04-28 00:22:00 INFO  Colosseum:150 - the client th-1 damage: 3
2024-04-28 00:22:00 INFO  Colosseum:143 - the client sm-1 damage: 2
2024-04-28 00:22:00 INFO  Colosseum:150 - the client th-1 damage: 1
2024-04-28 00:22:00 INFO  Colosseum:143 - the client sm-1 damage: 1
2024-04-28 00:22:00 INFO  Colosseum:150 - the client th-1 damage: 1
2024-04-28 00:22:01 INFO  Colosseum:143 - the client sm-1 damage: 3
2024-04-28 00:22:01 INFO  Colosseum:150 - the client th-1 damage: 1
2024-04-28 00:22:01 INFO  Colosseum:143 - the client sm-1 damage: 3
2024-04-28 00:22:01 INFO  Colosseum:150 - the client th-1 damage: 3
2024-04-28 00:22:01 INFO  Colosseum:143 - the client sm-1 damage: 1
2024-04-28 00:22:01 INFO  Colosseum:150 - the client th-1 damage: 3
2024-04-28 00:22:02 INFO  Colosseum:143 - the client sm-1 damage: 2
2024-04-28 00:22:02 INFO  Colosseum:150 - the client th-1 damage: 2
2024-04-28 00:22:02 INFO  Colosseum:143 - the client sm-1 damage: 1
2024-04-28 00:22:02 INFO  Colosseum:150 - the client th-1 damage: 3
2024-04-28 00:22:03 INFO  Colosseum:143 - the client sm-1 damage: 3
2024-04-28 00:22:03 INFO  Colosseum:150 - the client th-1 damage: 3
2024-04-28 00:22:04 INFO  Colosseum:201 - message sent to client sm-1
2024-04-28 00:22:04 INFO  Colosseum:204 - message sent to client th-1
2024-04-28 00:22:04 INFO  Colosseum:205 - Client sm-1 disconnected
2024-04-28 00:22:04 INFO  Colosseum:206 - Client th-1 disconnected
2024-04-28 00:22:04 INFO  Colosseum:111 - the client sm-2 sent number
2024-04-28 00:22:04 INFO  Colosseum:115 - the client th-2 sent number
2024-04-28 00:22:07 INFO  Colosseum:143 - the client sm-2 damage: 1
2024-04-28 00:22:07 INFO  Colosseum:150 - the client th-2 damage: 3
2024-04-28 00:22:07 INFO  Colosseum:143 - the client sm-2 damage: 2
2024-04-28 00:22:07 INFO  Colosseum:150 - the client th-2 damage: 3
2024-04-28 00:22:08 INFO  Colosseum:143 - the client sm-2 damage: 2
2024-04-28 00:22:08 INFO  Colosseum:150 - the client th-2 damage: 2
2024-04-28 00:22:08 INFO  Colosseum:143 - the client sm-2 damage: 2
2024-04-28 00:22:08 INFO  Colosseum:150 - the client th-2 damage: 3
2024-04-28 00:22:08 INFO  Colosseum:143 - the client sm-2 damage: 3
2024-04-28 00:22:08 INFO  Colosseum:150 - the client th-2 damage: 3
2024-04-28 00:22:09 INFO  Colosseum:143 - the client sm-2 damage: 3
2024-04-28 00:22:09 INFO  Colosseum:150 - the client th-2 damage: 2
2024-04-28 00:22:09 INFO  Colosseum:143 - the client sm-2 damage: 1
2024-04-28 00:22:09 INFO  Colosseum:150 - the client th-2 damage: 3
2024-04-28 00:22:09 INFO  Colosseum:143 - the client sm-2 damage: 3
2024-04-28 00:22:09 INFO  Colosseum:150 - the client th-2 damage: 3
2024-04-28 00:22:10 INFO  Colosseum:143 - the client sm-2 damage: 3
2024-04-28 00:22:10 INFO  Colosseum:150 - the client th-2 damage: 2
2024-04-28 00:22:10 INFO  Colosseum:143 - the client sm-2 damage: 3
2024-04-28 00:22:10 INFO  Colosseum:150 - the client th-2 damage: 2
2024-04-28 00:22:10 INFO  Colosseum:143 - the client sm-2 damage: 1
2024-04-28 00:22:10 INFO  Colosseum:150 - the client th-2 damage: 3
2024-04-28 00:22:11 INFO  Colosseum:143 - the client sm-2 damage: 3
2024-04-28 00:22:11 INFO  Colosseum:150 - the client th-2 damage: 2
2024-04-28 00:22:11 INFO  Colosseum:143 - the client sm-2 damage: 2
2024-04-28 00:22:11 INFO  Colosseum:150 - the client th-2 damage: 2
2024-04-28 00:22:11 INFO  Colosseum:143 - the client sm-2 damage: 3
2024-04-28 00:22:11 INFO  Colosseum:150 - the client th-2 damage: 2
2024-04-28 00:22:12 INFO  Colosseum:143 - the client sm-2 damage: 1
2024-04-28 00:22:12 INFO  Colosseum:150 - the client th-2 damage: 1
2024-04-28 00:22:12 INFO  Colosseum:143 - the client sm-2 damage: 1
2024-04-28 00:22:12 INFO  Colosseum:150 - the client th-2 damage: 1
2024-04-28 00:22:13 INFO  Colosseum:143 - the client sm-2 damage: 1
2024-04-28 00:22:13 INFO  Colosseum:150 - the client th-2 damage: 1
2024-04-28 00:22:13 INFO  Colosseum:143 - the client sm-2 damage: 2
2024-04-28 00:22:13 INFO  Colosseum:150 - the client th-2 damage: 3
2024-04-28 00:22:13 INFO  Colosseum:143 - the client sm-2 damage: 3
2024-04-28 00:22:13 INFO  Colosseum:150 - the client th-2 damage: 1
2024-04-28 00:22:14 INFO  Colosseum:143 - the client sm-2 damage: 1
2024-04-28 00:22:14 INFO  Colosseum:150 - the client th-2 damage: 2
2024-04-28 00:22:14 INFO  Colosseum:143 - the client sm-2 damage: 1
2024-04-28 00:22:14 INFO  Colosseum:150 - the client th-2 damage: 3
2024-04-28 00:22:14 INFO  Colosseum:143 - the client sm-2 damage: 3
2024-04-28 00:22:14 INFO  Colosseum:150 - the client th-2 damage: 1
2024-04-28 00:22:15 INFO  Colosseum:143 - the client sm-2 damage: 1
2024-04-28 00:22:15 INFO  Colosseum:150 - the client th-2 damage: 1
2024-04-28 00:22:15 INFO  Colosseum:143 - the client sm-2 damage: 3
2024-04-28 00:22:15 INFO  Colosseum:150 - the client th-2 damage: 2
2024-04-28 00:22:16 INFO  Colosseum:201 - message sent to client sm-2
2024-04-28 00:22:16 INFO  Colosseum:204 - message sent to client th-2
2024-04-28 00:22:16 INFO  Colosseum:205 - Client sm-2 disconnected
2024-04-28 00:22:16 INFO  Colosseum:206 - Client th-2 disconnected
2024-05-06 19:33:14 INFO  Colosseum:73 - 

SERVER STARTED
2024-05-06 19:33:38 INFO  Colosseum:282 - Client 0 connected
2024-05-06 19:33:38 INFO  Colosseum:282 - Client 1 connected
2024-05-06 19:33:38 INFO  Colosseum:282 - Client 2 connected
2024-05-06 19:33:38 INFO  Colosseum:282 - Client 3 connected
2024-05-06 19:33:38 INFO  Colosseum:282 - Client 4 connected
2024-05-06 19:33:38 INFO  Colosseum:282 - Client 5 connected
2024-05-06 19:33:38 INFO  Colosseum:282 - Client 6 connected
2024-05-06 19:33:38 INFO  Colosseum:282 - Client 7 connected
2024-05-06 19:33:38 INFO  Colosseum:282 - Client 8 connected
2024-05-06 19:33:38 INFO  Colosseum:282 - Client 9 connected
2024-05-06 19:33:38 INFO  Colosseum:282 - Client 10 connected
2024-05-06 19:33:38 INFO  Colosseum:282 - Client 11 connected
2024-05-06 19:33:38 INFO  Colosseum:282 - Client 12 connected
2024-05-06 19:33:38 INFO  Colosseum:282 - Client 13 connected
2024-05-06 19:33:38 INFO  Colosseum:282 - Client 14 connected
2024-05-06 19:33:39 INFO  Colosseum:282 - Client 15 connected
2024-05-06 19:33:39 INFO  Colosseum:282 - Client 16 connected
2024-05-06 19:33:39 INFO  Colosseum:282 - Client 17 connected
2024-05-06 19:33:39 INFO  Colosseum:282 - Client 18 connected
2024-05-06 19:33:39 INFO  Colosseum:282 - Client 19 connected
2024-05-06 19:33:39 INFO  Colosseum:111 - the client sm-1 sent number
2024-05-06 19:33:39 INFO  Colosseum:115 - the client th-1 sent number
2024-05-06 19:33:42 INFO  Colosseum:143 - the client sm-1 damage: 1
2024-05-06 19:33:42 INFO  Colosseum:150 - the client th-1 damage: 3
2024-05-06 19:33:42 INFO  Colosseum:143 - the client sm-1 damage: 1
2024-05-06 19:33:42 INFO  Colosseum:150 - the client th-1 damage: 1
2024-05-06 19:33:42 INFO  Colosseum:143 - the client sm-1 damage: 1
2024-05-06 19:33:42 INFO  Colosseum:150 - the client th-1 damage: 2
2024-05-06 19:33:43 INFO  Colosseum:143 - the client sm-1 damage: 3
2024-05-06 19:33:43 INFO  Colosseum:150 - the client th-1 damage: 1
2024-05-06 19:33:43 INFO  Colosseum:143 - the client sm-1 damage: 3
2024-05-06 19:33:43 INFO  Colosseum:150 - the client th-1 damage: 1
2024-05-06 19:33:43 INFO  Colosseum:143 - the client sm-1 damage: 1
2024-05-06 19:33:43 INFO  Colosseum:150 - the client th-1 damage: 2
2024-05-06 19:33:44 INFO  Colosseum:143 - the client sm-1 damage: 2
2024-05-06 19:33:44 INFO  Colosseum:150 - the client th-1 damage: 3
2024-05-06 19:33:44 INFO  Colosseum:143 - the client sm-1 damage: 1
2024-05-06 19:33:44 INFO  Colosseum:150 - the client th-1 damage: 2
2024-05-06 19:33:45 INFO  Colosseum:143 - the client sm-1 damage: 1
2024-05-06 19:33:45 INFO  Colosseum:150 - the client th-1 damage: 2
2024-05-06 19:33:45 INFO  Colosseum:143 - the client sm-1 damage: 3
2024-05-06 19:33:45 INFO  Colosseum:150 - the client th-1 damage: 3
2024-05-06 19:33:45 INFO  Colosseum:143 - the client sm-1 damage: 3
2024-05-06 19:33:45 INFO  Colosseum:150 - the client th-1 damage: 2
2024-05-06 19:33:46 INFO  Colosseum:143 - the client sm-1 damage: 3
2024-05-06 19:33:46 INFO  Colosseum:150 - the client th-1 damage: 3
2024-05-06 19:33:46 INFO  Colosseum:143 - the client sm-1 damage: 1
2024-05-06 19:33:46 INFO  Colosseum:150 - the client th-1 damage: 3
2024-05-06 19:33:46 INFO  Colosseum:143 - the client sm-1 damage: 2
2024-05-06 19:33:46 INFO  Colosseum:150 - the client th-1 damage: 1
2024-05-06 19:33:47 INFO  Colosseum:143 - the client sm-1 damage: 3
2024-05-06 19:33:47 INFO  Colosseum:150 - the client th-1 damage: 1
2024-05-06 19:33:47 INFO  Colosseum:143 - the client sm-1 damage: 3
2024-05-06 19:33:47 INFO  Colosseum:150 - the client th-1 damage: 3
2024-05-06 19:33:47 INFO  Colosseum:143 - the client sm-1 damage: 2
2024-05-06 19:33:47 INFO  Colosseum:150 - the client th-1 damage: 2
2024-05-06 19:33:48 INFO  Colosseum:143 - the client sm-1 damage: 2
2024-05-06 19:33:48 INFO  Colosseum:150 - the client th-1 damage: 3
2024-05-06 19:33:48 INFO  Colosseum:143 - the client sm-1 damage: 1
2024-05-06 19:33:48 INFO  Colosseum:150 - the client th-1 damage: 1
2024-05-06 19:33:48 INFO  Colosseum:143 - the client sm-1 damage: 3
2024-05-06 19:33:48 INFO  Colosseum:150 - the client th-1 damage: 3
2024-05-06 19:33:49 INFO  Colosseum:143 - the client sm-1 damage: 1
2024-05-06 19:33:49 INFO  Colosseum:150 - the client th-1 damage: 2
2024-05-06 19:33:49 INFO  Colosseum:143 - the client sm-1 damage: 2
2024-05-06 19:33:49 INFO  Colosseum:150 - the client th-1 damage: 1
2024-05-06 19:33:49 INFO  Colosseum:143 - the client sm-1 damage: 3
2024-05-06 19:33:49 INFO  Colosseum:150 - the client th-1 damage: 3
2024-05-06 19:33:50 INFO  Colosseum:143 - the client sm-1 damage: 1
2024-05-06 19:33:50 INFO  Colosseum:150 - the client th-1 damage: 2
2024-05-06 19:33:51 INFO  Colosseum:201 - message sent to client sm-1
2024-05-06 19:33:51 INFO  Colosseum:204 - message sent to client th-1
2024-05-06 19:33:51 INFO  Colosseum:205 - Client sm-1 disconnected
2024-05-06 19:33:51 INFO  Colosseum:206 - Client th-1 disconnected
2024-05-06 19:33:51 INFO  Colosseum:111 - the client sm-2 sent number
2024-05-06 19:33:51 INFO  Colosseum:115 - the client th-2 sent number
2024-05-06 19:33:54 INFO  Colosseum:143 - the client sm-2 damage: 3
2024-05-06 19:33:54 INFO  Colosseum:150 - the client th-2 damage: 3
2024-05-06 19:33:55 INFO  Colosseum:143 - the client sm-2 damage: 3
2024-05-06 19:33:55 INFO  Colosseum:150 - the client th-2 damage: 2
2024-05-06 19:33:55 INFO  Colosseum:143 - the client sm-2 damage: 1
2024-05-06 19:33:55 INFO  Colosseum:150 - the client th-2 damage: 3
2024-05-06 19:33:55 INFO  Colosseum:143 - the client sm-2 damage: 2
2024-05-06 19:33:55 INFO  Colosseum:150 - the client th-2 damage: 2
2024-05-06 19:33:56 INFO  Colosseum:143 - the client sm-2 damage: 3
2024-05-06 19:33:56 INFO  Colosseum:150 - the client th-2 damage: 2
2024-05-06 19:33:56 INFO  Colosseum:143 - the client sm-2 damage: 2
2024-05-06 19:33:56 INFO  Colosseum:150 - the client th-2 damage: 1
2024-05-06 19:33:56 INFO  Colosseum:143 - the client sm-2 damage: 3
2024-05-06 19:33:56 INFO  Colosseum:150 - the client th-2 damage: 3
2024-05-06 19:33:57 INFO  Colosseum:143 - the client sm-2 damage: 2
2024-05-06 19:33:57 INFO  Colosseum:150 - the client th-2 damage: 1
2024-05-06 19:33:57 INFO  Colosseum:143 - the client sm-2 damage: 3
2024-05-06 19:33:57 INFO  Colosseum:150 - the client th-2 damage: 2
2024-05-06 19:33:57 INFO  Colosseum:143 - the client sm-2 damage: 2
2024-05-06 19:33:57 INFO  Colosseum:150 - the client th-2 damage: 1
2024-05-06 19:33:58 INFO  Colosseum:143 - the client sm-2 damage: 1
2024-05-06 19:33:58 INFO  Colosseum:150 - the client th-2 damage: 2
2024-05-06 19:33:58 INFO  Colosseum:143 - the client sm-2 damage: 1
2024-05-06 19:33:58 INFO  Colosseum:150 - the client th-2 damage: 3
2024-05-06 19:33:58 INFO  Colosseum:143 - the client sm-2 damage: 2
2024-05-06 19:33:58 INFO  Colosseum:150 - the client th-2 damage: 1
2024-05-06 19:33:59 INFO  Colosseum:143 - the client sm-2 damage: 1
2024-05-06 19:33:59 INFO  Colosseum:150 - the client th-2 damage: 1
2024-05-06 19:33:59 INFO  Colosseum:143 - the client sm-2 damage: 1
2024-05-06 19:33:59 INFO  Colosseum:150 - the client th-2 damage: 2
2024-05-06 19:33:59 INFO  Colosseum:143 - the client sm-2 damage: 1
2024-05-06 19:33:59 INFO  Colosseum:150 - the client th-2 damage: 2
2024-05-06 19:34:00 INFO  Colosseum:143 - the client sm-2 damage: 2
2024-05-06 19:34:00 INFO  Colosseum:150 - the client th-2 damage: 1
2024-05-06 19:34:00 INFO  Colosseum:143 - the client sm-2 damage: 2
2024-05-06 19:34:00 INFO  Colosseum:150 - the client th-2 damage: 1
2024-05-06 19:34:01 INFO  Colosseum:143 - the client sm-2 damage: 1
2024-05-06 19:34:01 INFO  Colosseum:150 - the client th-2 damage: 2
2024-05-06 19:34:01 INFO  Colosseum:143 - the client sm-2 damage: 3
2024-05-06 19:34:01 INFO  Colosseum:150 - the client th-2 damage: 3
2024-05-06 19:34:01 INFO  Colosseum:143 - the client sm-2 damage: 1
2024-05-06 19:34:01 INFO  Colosseum:150 - the client th-2 damage: 3
2024-05-06 19:34:02 INFO  Colosseum:143 - the client sm-2 damage: 1
2024-05-06 19:34:02 INFO  Colosseum:150 - the client th-2 damage: 1
2024-05-06 19:34:02 INFO  Colosseum:143 - the client sm-2 damage: 3
2024-05-06 19:34:02 INFO  Colosseum:150 - the client th-2 damage: 1
2024-05-06 19:34:02 INFO  Colosseum:143 - the client sm-2 damage: 1
2024-05-06 19:34:02 INFO  Colosseum:150 - the client th-2 damage: 1
2024-05-06 19:34:03 INFO  Colosseum:143 - the client sm-2 damage: 2
2024-05-06 19:34:03 INFO  Colosseum:150 - the client th-2 damage: 3
2024-05-06 19:34:03 INFO  Colosseum:143 - the client sm-2 damage: 2
2024-05-06 19:34:03 INFO  Colosseum:150 - the client th-2 damage: 2
2024-05-06 19:34:03 INFO  Colosseum:143 - the client sm-2 damage: 1
2024-05-06 19:34:03 INFO  Colosseum:150 - the client th-2 damage: 2
2024-05-06 19:34:05 INFO  Colosseum:201 - message sent to client sm-2
2024-05-06 19:34:05 INFO  Colosseum:204 - message sent to client th-2
2024-05-06 19:34:05 INFO  Colosseum:205 - Client sm-2 disconnected
2024-05-06 19:34:05 INFO  Colosseum:206 - Client th-2 disconnected
2024-05-06 19:34:05 INFO  Colosseum:111 - the client sm-3 sent number
2024-05-06 19:34:05 INFO  Colosseum:115 - the client th-3 sent number
2024-05-06 19:34:08 INFO  Colosseum:143 - the client sm-3 damage: 1
2024-05-06 19:34:08 INFO  Colosseum:150 - the client th-3 damage: 2
2024-05-06 19:34:08 INFO  Colosseum:143 - the client sm-3 damage: 1
2024-05-06 19:34:08 INFO  Colosseum:150 - the client th-3 damage: 3
2024-05-06 19:34:08 INFO  Colosseum:143 - the client sm-3 damage: 2
2024-05-06 19:34:08 INFO  Colosseum:150 - the client th-3 damage: 1
2024-05-06 19:34:09 INFO  Colosseum:143 - the client sm-3 damage: 1
2024-05-06 19:34:09 INFO  Colosseum:150 - the client th-3 damage: 1
2024-05-06 19:34:09 INFO  Colosseum:143 - the client sm-3 damage: 3
2024-05-06 19:34:09 INFO  Colosseum:150 - the client th-3 damage: 2
2024-05-06 19:34:09 INFO  Colosseum:143 - the client sm-3 damage: 3
2024-05-06 19:34:09 INFO  Colosseum:150 - the client th-3 damage: 1
2024-05-06 19:34:10 INFO  Colosseum:143 - the client sm-3 damage: 3
2024-05-06 19:34:10 INFO  Colosseum:150 - the client th-3 damage: 2
2024-05-06 19:34:10 INFO  Colosseum:143 - the client sm-3 damage: 2
2024-05-06 19:34:10 INFO  Colosseum:150 - the client th-3 damage: 1
2024-05-06 19:34:11 INFO  Colosseum:143 - the client sm-3 damage: 3
2024-05-06 19:34:11 INFO  Colosseum:150 - the client th-3 damage: 1
2024-05-06 19:34:11 INFO  Colosseum:143 - the client sm-3 damage: 2
2024-05-06 19:34:11 INFO  Colosseum:150 - the client th-3 damage: 3
2024-05-06 19:34:11 INFO  Colosseum:143 - the client sm-3 damage: 1
2024-05-06 19:34:11 INFO  Colosseum:150 - the client th-3 damage: 2
2024-05-06 19:34:12 INFO  Colosseum:143 - the client sm-3 damage: 2
2024-05-06 19:34:12 INFO  Colosseum:150 - the client th-3 damage: 2
2024-05-06 19:34:12 INFO  Colosseum:143 - the client sm-3 damage: 1
2024-05-06 19:34:12 INFO  Colosseum:150 - the client th-3 damage: 2
2024-05-06 19:34:12 INFO  Colosseum:143 - the client sm-3 damage: 3
2024-05-06 19:34:12 INFO  Colosseum:150 - the client th-3 damage: 1
2024-05-06 19:34:13 INFO  Colosseum:143 - the client sm-3 damage: 3
2024-05-06 19:34:13 INFO  Colosseum:150 - the client th-3 damage: 2
2024-05-06 19:34:13 INFO  Colosseum:143 - the client sm-3 damage: 1
2024-05-06 19:34:13 INFO  Colosseum:150 - the client th-3 damage: 3
2024-05-06 19:34:13 INFO  Colosseum:143 - the client sm-3 damage: 2
2024-05-06 19:34:13 INFO  Colosseum:150 - the client th-3 damage: 2
2024-05-06 19:34:14 INFO  Colosseum:143 - the client sm-3 damage: 3
2024-05-06 19:34:14 INFO  Colosseum:150 - the client th-3 damage: 1
2024-05-06 19:34:14 INFO  Colosseum:143 - the client sm-3 damage: 1
2024-05-06 19:34:14 INFO  Colosseum:150 - the client th-3 damage: 3
2024-05-06 19:34:14 INFO  Colosseum:143 - the client sm-3 damage: 2
2024-05-06 19:34:14 INFO  Colosseum:150 - the client th-3 damage: 2
2024-05-06 19:34:15 INFO  Colosseum:143 - the client sm-3 damage: 3
2024-05-06 19:34:15 INFO  Colosseum:150 - the client th-3 damage: 2
2024-05-06 19:34:15 INFO  Colosseum:143 - the client sm-3 damage: 3
2024-05-06 19:34:15 INFO  Colosseum:150 - the client th-3 damage: 2
2024-05-06 19:34:15 INFO  Colosseum:143 - the client sm-3 damage: 1
2024-05-06 19:34:15 INFO  Colosseum:150 - the client th-3 damage: 2
2024-05-06 19:34:16 INFO  Colosseum:143 - the client sm-3 damage: 2
2024-05-06 19:34:16 INFO  Colosseum:150 - the client th-3 damage: 1
2024-05-06 19:34:16 INFO  Colosseum:143 - the client sm-3 damage: 3
2024-05-06 19:34:16 INFO  Colosseum:150 - the client th-3 damage: 2
2024-05-06 19:34:17 INFO  Colosseum:201 - message sent to client sm-3
2024-05-06 19:34:17 INFO  Colosseum:204 - message sent to client th-3
2024-05-06 19:34:17 INFO  Colosseum:205 - Client sm-3 disconnected
2024-05-06 19:34:17 INFO  Colosseum:206 - Client th-3 disconnected
2024-05-06 19:34:17 INFO  Colosseum:111 - the client sm-4 sent number
2024-05-06 19:34:17 INFO  Colosseum:115 - the client th-4 sent number
2024-05-06 19:34:20 INFO  Colosseum:143 - the client sm-4 damage: 2
2024-05-06 19:34:20 INFO  Colosseum:150 - the client th-4 damage: 2
2024-05-06 19:34:21 INFO  Colosseum:143 - the client sm-4 damage: 3
2024-05-06 19:34:21 INFO  Colosseum:150 - the client th-4 damage: 3
2024-05-06 19:34:21 INFO  Colosseum:143 - the client sm-4 damage: 2
2024-05-06 19:34:21 INFO  Colosseum:150 - the client th-4 damage: 1
2024-05-06 19:34:22 INFO  Colosseum:143 - the client sm-4 damage: 2
2024-05-06 19:34:22 INFO  Colosseum:150 - the client th-4 damage: 1
2024-05-06 19:34:22 INFO  Colosseum:143 - the client sm-4 damage: 3
2024-05-06 19:34:22 INFO  Colosseum:150 - the client th-4 damage: 2
2024-05-06 19:34:22 INFO  Colosseum:143 - the client sm-4 damage: 1
2024-05-06 19:34:22 INFO  Colosseum:150 - the client th-4 damage: 3
2024-05-06 19:34:23 INFO  Colosseum:143 - the client sm-4 damage: 2
2024-05-06 19:34:23 INFO  Colosseum:150 - the client th-4 damage: 1
2024-05-06 19:34:23 INFO  Colosseum:143 - the client sm-4 damage: 2
2024-05-06 19:34:23 INFO  Colosseum:150 - the client th-4 damage: 2
2024-05-06 19:34:23 INFO  Colosseum:143 - the client sm-4 damage: 1
2024-05-06 19:34:23 INFO  Colosseum:150 - the client th-4 damage: 1
2024-05-06 19:34:24 INFO  Colosseum:143 - the client sm-4 damage: 1
2024-05-06 19:34:24 INFO  Colosseum:150 - the client th-4 damage: 2
2024-05-06 19:34:24 INFO  Colosseum:143 - the client sm-4 damage: 1
2024-05-06 19:34:24 INFO  Colosseum:150 - the client th-4 damage: 1
2024-05-06 19:34:24 INFO  Colosseum:143 - the client sm-4 damage: 1
2024-05-06 19:34:24 INFO  Colosseum:150 - the client th-4 damage: 2
2024-05-06 19:34:25 INFO  Colosseum:143 - the client sm-4 damage: 2
2024-05-06 19:34:25 INFO  Colosseum:150 - the client th-4 damage: 2
2024-05-06 19:34:25 INFO  Colosseum:143 - the client sm-4 damage: 1
2024-05-06 19:34:25 INFO  Colosseum:150 - the client th-4 damage: 2
2024-05-06 19:34:25 INFO  Colosseum:143 - the client sm-4 damage: 3
2024-05-06 19:34:25 INFO  Colosseum:150 - the client th-4 damage: 1
2024-05-06 19:34:26 INFO  Colosseum:143 - the client sm-4 damage: 2
2024-05-06 19:34:26 INFO  Colosseum:150 - the client th-4 damage: 1
2024-05-06 19:34:26 INFO  Colosseum:143 - the client sm-4 damage: 3
2024-05-06 19:34:26 INFO  Colosseum:150 - the client th-4 damage: 3
2024-05-06 19:34:26 INFO  Colosseum:143 - the client sm-4 damage: 1
2024-05-06 19:34:26 INFO  Colosseum:150 - the client th-4 damage: 1
2024-05-06 19:34:27 INFO  Colosseum:143 - the client sm-4 damage: 2
2024-05-06 19:34:27 INFO  Colosseum:150 - the client th-4 damage: 1
2024-05-06 19:34:27 INFO  Colosseum:143 - the client sm-4 damage: 1
2024-05-06 19:34:27 INFO  Colosseum:150 - the client th-4 damage: 1
2024-05-06 19:34:28 INFO  Colosseum:143 - the client sm-4 damage: 1
2024-05-06 19:34:28 INFO  Colosseum:150 - the client th-4 damage: 1
2024-05-06 19:34:28 INFO  Colosseum:143 - the client sm-4 damage: 1
2024-05-06 19:34:28 INFO  Colosseum:150 - the client th-4 damage: 3
2024-05-06 19:34:28 INFO  Colosseum:143 - the client sm-4 damage: 3
2024-05-06 19:34:28 INFO  Colosseum:150 - the client th-4 damage: 2
2024-05-06 19:34:29 INFO  Colosseum:143 - the client sm-4 damage: 1
2024-05-06 19:34:29 INFO  Colosseum:150 - the client th-4 damage: 1
2024-05-06 19:34:29 INFO  Colosseum:143 - the client sm-4 damage: 2
2024-05-06 19:34:29 INFO  Colosseum:150 - the client th-4 damage: 1
2024-05-06 19:34:29 INFO  Colosseum:143 - the client sm-4 damage: 3
2024-05-06 19:34:29 INFO  Colosseum:150 - the client th-4 damage: 3
2024-05-06 19:34:30 INFO  Colosseum:143 - the client sm-4 damage: 2
2024-05-06 19:34:30 INFO  Colosseum:150 - the client th-4 damage: 1
2024-05-06 19:34:30 INFO  Colosseum:143 - the client sm-4 damage: 2
2024-05-06 19:34:30 INFO  Colosseum:150 - the client th-4 damage: 1
2024-05-06 19:34:31 INFO  Colosseum:201 - message sent to client sm-4
2024-05-06 19:34:31 INFO  Colosseum:204 - message sent to client th-4
2024-05-06 19:34:31 INFO  Colosseum:205 - Client sm-4 disconnected
2024-05-06 19:34:31 INFO  Colosseum:206 - Client th-4 disconnected
2024-05-06 19:34:31 INFO  Colosseum:111 - the client sm-5 sent number
2024-05-06 19:34:31 INFO  Colosseum:115 - the client th-5 sent number
2024-05-06 19:34:34 INFO  Colosseum:143 - the client sm-5 damage: 2
2024-05-06 19:34:34 INFO  Colosseum:150 - the client th-5 damage: 1
2024-05-06 19:34:35 INFO  Colosseum:143 - the client sm-5 damage: 3
2024-05-06 19:34:35 INFO  Colosseum:150 - the client th-5 damage: 2
2024-05-06 19:34:35 INFO  Colosseum:143 - the client sm-5 damage: 2
2024-05-06 19:34:35 INFO  Colosseum:150 - the client th-5 damage: 3
2024-05-06 19:34:35 INFO  Colosseum:143 - the client sm-5 damage: 3
2024-05-06 19:34:35 INFO  Colosseum:150 - the client th-5 damage: 2
2024-05-06 19:34:36 INFO  Colosseum:143 - the client sm-5 damage: 2
2024-05-06 19:34:36 INFO  Colosseum:150 - the client th-5 damage: 3
2024-05-06 19:34:36 INFO  Colosseum:143 - the client sm-5 damage: 1
2024-05-06 19:34:36 INFO  Colosseum:150 - the client th-5 damage: 2
2024-05-06 19:34:36 INFO  Colosseum:143 - the client sm-5 damage: 1
2024-05-06 19:34:36 INFO  Colosseum:150 - the client th-5 damage: 3
2024-05-06 19:34:37 INFO  Colosseum:143 - the client sm-5 damage: 2
2024-05-06 19:34:37 INFO  Colosseum:150 - the client th-5 damage: 1
2024-05-06 19:34:37 INFO  Colosseum:143 - the client sm-5 damage: 2
2024-05-06 19:34:37 INFO  Colosseum:150 - the client th-5 damage: 3
2024-05-06 19:34:38 INFO  Colosseum:143 - the client sm-5 damage: 1
2024-05-06 19:34:38 INFO  Colosseum:150 - the client th-5 damage: 3
2024-05-06 19:34:38 INFO  Colosseum:143 - the client sm-5 damage: 3
2024-05-06 19:34:38 INFO  Colosseum:150 - the client th-5 damage: 2
2024-05-06 19:34:38 INFO  Colosseum:143 - the client sm-5 damage: 3
2024-05-06 19:34:38 INFO  Colosseum:150 - the client th-5 damage: 3
2024-05-06 19:34:39 INFO  Colosseum:143 - the client sm-5 damage: 2
2024-05-06 19:34:39 INFO  Colosseum:150 - the client th-5 damage: 1
2024-05-06 19:34:39 INFO  Colosseum:143 - the client sm-5 damage: 1
2024-05-06 19:34:39 INFO  Colosseum:150 - the client th-5 damage: 1
2024-05-06 19:34:39 INFO  Colosseum:143 - the client sm-5 damage: 2
2024-05-06 19:34:39 INFO  Colosseum:150 - the client th-5 damage: 3
2024-05-06 19:34:40 INFO  Colosseum:143 - the client sm-5 damage: 2
2024-05-06 19:34:40 INFO  Colosseum:150 - the client th-5 damage: 1
2024-05-06 19:34:40 INFO  Colosseum:143 - the client sm-5 damage: 1
2024-05-06 19:34:40 INFO  Colosseum:150 - the client th-5 damage: 1
2024-05-06 19:34:40 INFO  Colosseum:143 - the client sm-5 damage: 3
2024-05-06 19:34:40 INFO  Colosseum:150 - the client th-5 damage: 2
2024-05-06 19:34:41 INFO  Colosseum:143 - the client sm-5 damage: 3
2024-05-06 19:34:41 INFO  Colosseum:150 - the client th-5 damage: 3
2024-05-06 19:34:41 INFO  Colosseum:143 - the client sm-5 damage: 1
2024-05-06 19:34:41 INFO  Colosseum:150 - the client th-5 damage: 3
2024-05-06 19:34:41 INFO  Colosseum:143 - the client sm-5 damage: 1
2024-05-06 19:34:41 INFO  Colosseum:150 - the client th-5 damage: 3
2024-05-06 19:34:42 INFO  Colosseum:143 - the client sm-5 damage: 3
2024-05-06 19:34:42 INFO  Colosseum:150 - the client th-5 damage: 1
2024-05-06 19:34:42 INFO  Colosseum:143 - the client sm-5 damage: 3
2024-05-06 19:34:42 INFO  Colosseum:150 - the client th-5 damage: 3
2024-05-06 19:34:43 INFO  Colosseum:201 - message sent to client sm-5
2024-05-06 19:34:43 INFO  Colosseum:204 - message sent to client th-5
2024-05-06 19:34:43 INFO  Colosseum:205 - Client sm-5 disconnected
2024-05-06 19:34:43 INFO  Colosseum:206 - Client th-5 disconnected
2024-05-06 19:34:43 INFO  Colosseum:111 - the client sm-6 sent number
2024-05-06 19:34:43 INFO  Colosseum:115 - the client th-6 sent number
2024-05-06 19:34:46 INFO  Colosseum:143 - the client sm-6 damage: 3
2024-05-06 19:34:46 INFO  Colosseum:150 - the client th-6 damage: 1
2024-05-06 19:34:47 INFO  Colosseum:143 - the client sm-6 damage: 3
2024-05-06 19:34:47 INFO  Colosseum:150 - the client th-6 damage: 3
2024-05-06 19:34:47 INFO  Colosseum:143 - the client sm-6 damage: 2
2024-05-06 19:34:47 INFO  Colosseum:150 - the client th-6 damage: 3
2024-05-06 19:34:47 INFO  Colosseum:143 - the client sm-6 damage: 1
2024-05-06 19:34:47 INFO  Colosseum:150 - the client th-6 damage: 3
2024-05-06 19:34:48 INFO  Colosseum:143 - the client sm-6 damage: 1
2024-05-06 19:34:48 INFO  Colosseum:150 - the client th-6 damage: 3
2024-05-06 19:34:48 INFO  Colosseum:143 - the client sm-6 damage: 3
2024-05-06 19:34:48 INFO  Colosseum:150 - the client th-6 damage: 2
2024-05-06 19:34:49 INFO  Colosseum:143 - the client sm-6 damage: 2
2024-05-06 19:34:49 INFO  Colosseum:150 - the client th-6 damage: 2
2024-05-06 19:34:49 INFO  Colosseum:143 - the client sm-6 damage: 1
2024-05-06 19:34:49 INFO  Colosseum:150 - the client th-6 damage: 3
2024-05-06 19:34:49 INFO  Colosseum:143 - the client sm-6 damage: 2
2024-05-06 19:34:49 INFO  Colosseum:150 - the client th-6 damage: 3
2024-05-06 19:34:50 INFO  Colosseum:143 - the client sm-6 damage: 1
2024-05-06 19:34:50 INFO  Colosseum:150 - the client th-6 damage: 2
2024-05-06 19:34:50 INFO  Colosseum:143 - the client sm-6 damage: 2
2024-05-06 19:34:50 INFO  Colosseum:150 - the client th-6 damage: 3
2024-05-06 19:34:50 INFO  Colosseum:143 - the client sm-6 damage: 3
2024-05-06 19:34:50 INFO  Colosseum:150 - the client th-6 damage: 1
2024-05-06 19:34:51 INFO  Colosseum:143 - the client sm-6 damage: 1
2024-05-06 19:34:51 INFO  Colosseum:150 - the client th-6 damage: 3
2024-05-06 19:34:51 INFO  Colosseum:143 - the client sm-6 damage: 2
2024-05-06 19:34:51 INFO  Colosseum:150 - the client th-6 damage: 2
2024-05-06 19:34:51 INFO  Colosseum:143 - the client sm-6 damage: 3
2024-05-06 19:34:51 INFO  Colosseum:150 - the client th-6 damage: 3
2024-05-06 19:34:52 INFO  Colosseum:143 - the client sm-6 damage: 2
2024-05-06 19:34:52 INFO  Colosseum:150 - the client th-6 damage: 2
2024-05-06 19:34:52 INFO  Colosseum:143 - the client sm-6 damage: 2
2024-05-06 19:34:52 INFO  Colosseum:150 - the client th-6 damage: 2
2024-05-06 19:34:52 INFO  Colosseum:143 - the client sm-6 damage: 1
2024-05-06 19:34:52 INFO  Colosseum:150 - the client th-6 damage: 1
2024-05-06 19:34:53 INFO  Colosseum:143 - the client sm-6 damage: 1
2024-05-06 19:34:53 INFO  Colosseum:150 - the client th-6 damage: 2
2024-05-06 19:34:53 INFO  Colosseum:143 - the client sm-6 damage: 3
2024-05-06 19:34:53 INFO  Colosseum:150 - the client th-6 damage: 2
2024-05-06 19:34:53 INFO  Colosseum:143 - the client sm-6 damage: 1
2024-05-06 19:34:53 INFO  Colosseum:150 - the client th-6 damage: 3
2024-05-06 19:34:54 INFO  Colosseum:143 - the client sm-6 damage: 3
2024-05-06 19:34:54 INFO  Colosseum:150 - the client th-6 damage: 3
2024-05-06 19:34:55 INFO  Colosseum:201 - message sent to client sm-6
2024-05-06 19:34:55 INFO  Colosseum:204 - message sent to client th-6
2024-05-06 19:34:55 INFO  Colosseum:205 - Client sm-6 disconnected
2024-05-06 19:34:55 INFO  Colosseum:206 - Client th-6 disconnected
2024-05-06 19:34:55 INFO  Colosseum:111 - the client sm-7 sent number
2024-05-06 19:34:55 INFO  Colosseum:115 - the client th-7 sent number
2024-05-06 19:34:58 INFO  Colosseum:143 - the client sm-7 damage: 3
2024-05-06 19:34:58 INFO  Colosseum:150 - the client th-7 damage: 1
2024-05-06 19:34:59 INFO  Colosseum:143 - the client sm-7 damage: 1
2024-05-06 19:34:59 INFO  Colosseum:150 - the client th-7 damage: 1
2024-05-06 19:34:59 INFO  Colosseum:143 - the client sm-7 damage: 3
2024-05-06 19:34:59 INFO  Colosseum:150 - the client th-7 damage: 2
2024-05-06 19:34:59 INFO  Colosseum:143 - the client sm-7 damage: 2
2024-05-06 19:34:59 INFO  Colosseum:150 - the client th-7 damage: 2
2024-05-06 19:35:00 INFO  Colosseum:143 - the client sm-7 damage: 2
2024-05-06 19:35:00 INFO  Colosseum:150 - the client th-7 damage: 2
2024-05-06 19:35:00 INFO  Colosseum:143 - the client sm-7 damage: 1
2024-05-06 19:35:00 INFO  Colosseum:150 - the client th-7 damage: 3
2024-05-06 19:35:00 INFO  Colosseum:143 - the client sm-7 damage: 3
2024-05-06 19:35:00 INFO  Colosseum:150 - the client th-7 damage: 2
2024-05-06 19:35:01 INFO  Colosseum:143 - the client sm-7 damage: 1
2024-05-06 19:35:01 INFO  Colosseum:150 - the client th-7 damage: 1
2024-05-06 19:35:01 INFO  Colosseum:143 - the client sm-7 damage: 1
2024-05-06 19:35:01 INFO  Colosseum:150 - the client th-7 damage: 1
2024-05-06 19:35:01 INFO  Colosseum:143 - the client sm-7 damage: 2
2024-05-06 19:35:01 INFO  Colosseum:150 - the client th-7 damage: 2
2024-05-06 19:35:02 INFO  Colosseum:143 - the client sm-7 damage: 2
2024-05-06 19:35:02 INFO  Colosseum:150 - the client th-7 damage: 2
2024-05-06 19:35:02 INFO  Colosseum:143 - the client sm-7 damage: 2
2024-05-06 19:35:02 INFO  Colosseum:150 - the client th-7 damage: 3
2024-05-06 19:35:02 INFO  Colosseum:143 - the client sm-7 damage: 3
2024-05-06 19:35:02 INFO  Colosseum:150 - the client th-7 damage: 2
2024-05-06 19:35:03 INFO  Colosseum:143 - the client sm-7 damage: 2
2024-05-06 19:35:03 INFO  Colosseum:150 - the client th-7 damage: 1
2024-05-06 19:35:03 INFO  Colosseum:143 - the client sm-7 damage: 2
2024-05-06 19:35:03 INFO  Colosseum:150 - the client th-7 damage: 1
2024-05-06 19:35:03 INFO  Colosseum:143 - the client sm-7 damage: 3
2024-05-06 19:35:03 INFO  Colosseum:150 - the client th-7 damage: 3
2024-05-06 19:35:04 INFO  Colosseum:143 - the client sm-7 damage: 1
2024-05-06 19:35:04 INFO  Colosseum:150 - the client th-7 damage: 3
2024-05-06 19:35:04 INFO  Colosseum:143 - the client sm-7 damage: 1
2024-05-06 19:35:04 INFO  Colosseum:150 - the client th-7 damage: 1
2024-05-06 19:35:05 INFO  Colosseum:143 - the client sm-7 damage: 3
2024-05-06 19:35:05 INFO  Colosseum:150 - the client th-7 damage: 2
2024-05-06 19:35:05 INFO  Colosseum:143 - the client sm-7 damage: 2
2024-05-06 19:35:05 INFO  Colosseum:150 - the client th-7 damage: 2
2024-05-06 19:35:05 INFO  Colosseum:143 - the client sm-7 damage: 2
2024-05-06 19:35:05 INFO  Colosseum:150 - the client th-7 damage: 1
2024-05-06 19:35:06 INFO  Colosseum:143 - the client sm-7 damage: 2
2024-05-06 19:35:06 INFO  Colosseum:150 - the client th-7 damage: 1
2024-05-06 19:35:06 INFO  Colosseum:143 - the client sm-7 damage: 2
2024-05-06 19:35:06 INFO  Colosseum:150 - the client th-7 damage: 3
2024-05-06 19:35:06 INFO  Colosseum:143 - the client sm-7 damage: 2
2024-05-06 19:35:06 INFO  Colosseum:150 - the client th-7 damage: 2
2024-05-06 19:35:07 INFO  Colosseum:143 - the client sm-7 damage: 1
2024-05-06 19:35:07 INFO  Colosseum:150 - the client th-7 damage: 1
2024-05-06 19:35:07 INFO  Colosseum:143 - the client sm-7 damage: 1
2024-05-06 19:35:07 INFO  Colosseum:150 - the client th-7 damage: 1
2024-05-06 19:35:08 INFO  Colosseum:201 - message sent to client sm-7
2024-05-06 19:35:08 INFO  Colosseum:204 - message sent to client th-7
2024-05-06 19:35:08 INFO  Colosseum:205 - Client sm-7 disconnected
2024-05-06 19:35:08 INFO  Colosseum:206 - Client th-7 disconnected
2024-05-06 19:35:08 INFO  Colosseum:111 - the client sm-8 sent number
2024-05-06 19:35:08 INFO  Colosseum:115 - the client th-8 sent number
2024-05-06 19:35:11 INFO  Colosseum:143 - the client sm-8 damage: 1
2024-05-06 19:35:11 INFO  Colosseum:150 - the client th-8 damage: 1
2024-05-06 19:35:12 INFO  Colosseum:143 - the client sm-8 damage: 2
2024-05-06 19:35:12 INFO  Colosseum:150 - the client th-8 damage: 2
2024-05-06 19:35:12 INFO  Colosseum:143 - the client sm-8 damage: 2
2024-05-06 19:35:12 INFO  Colosseum:150 - the client th-8 damage: 3
2024-05-06 19:35:12 INFO  Colosseum:143 - the client sm-8 damage: 1
2024-05-06 19:35:12 INFO  Colosseum:150 - the client th-8 damage: 1
2024-05-06 19:35:13 INFO  Colosseum:143 - the client sm-8 damage: 2
2024-05-06 19:35:13 INFO  Colosseum:150 - the client th-8 damage: 3
2024-05-06 19:35:13 INFO  Colosseum:143 - the client sm-8 damage: 3
2024-05-06 19:35:13 INFO  Colosseum:150 - the client th-8 damage: 2
2024-05-06 19:35:13 INFO  Colosseum:143 - the client sm-8 damage: 3
2024-05-06 19:35:13 INFO  Colosseum:150 - the client th-8 damage: 3
2024-05-06 19:35:14 INFO  Colosseum:143 - the client sm-8 damage: 3
2024-05-06 19:35:14 INFO  Colosseum:150 - the client th-8 damage: 2
2024-05-06 19:35:14 INFO  Colosseum:143 - the client sm-8 damage: 3
2024-05-06 19:35:14 INFO  Colosseum:150 - the client th-8 damage: 2
2024-05-06 19:35:14 INFO  Colosseum:143 - the client sm-8 damage: 1
2024-05-06 19:35:14 INFO  Colosseum:150 - the client th-8 damage: 2
2024-05-06 19:35:15 INFO  Colosseum:143 - the client sm-8 damage: 2
2024-05-06 19:35:15 INFO  Colosseum:150 - the client th-8 damage: 2
2024-05-06 19:35:15 INFO  Colosseum:143 - the client sm-8 damage: 3
2024-05-06 19:35:15 INFO  Colosseum:150 - the client th-8 damage: 1
2024-05-06 19:35:16 INFO  Colosseum:143 - the client sm-8 damage: 1
2024-05-06 19:35:16 INFO  Colosseum:150 - the client th-8 damage: 1
2024-05-06 19:35:16 INFO  Colosseum:143 - the client sm-8 damage: 2
2024-05-06 19:35:16 INFO  Colosseum:150 - the client th-8 damage: 2
2024-05-06 19:35:16 INFO  Colosseum:143 - the client sm-8 damage: 1
2024-05-06 19:35:16 INFO  Colosseum:150 - the client th-8 damage: 3
2024-05-06 19:35:17 INFO  Colosseum:143 - the client sm-8 damage: 2
2024-05-06 19:35:17 INFO  Colosseum:150 - the client th-8 damage: 3
2024-05-06 19:35:17 INFO  Colosseum:143 - the client sm-8 damage: 2
2024-05-06 19:35:17 INFO  Colosseum:150 - the client th-8 damage: 1
2024-05-06 19:35:17 INFO  Colosseum:143 - the client sm-8 damage: 1
2024-05-06 19:35:17 INFO  Colosseum:150 - the client th-8 damage: 1
2024-05-06 19:35:18 INFO  Colosseum:143 - the client sm-8 damage: 3
2024-05-06 19:35:18 INFO  Colosseum:150 - the client th-8 damage: 2
2024-05-06 19:35:18 INFO  Colosseum:143 - the client sm-8 damage: 3
2024-05-06 19:35:18 INFO  Colosseum:150 - the client th-8 damage: 1
2024-05-06 19:35:18 INFO  Colosseum:143 - the client sm-8 damage: 1
2024-05-06 19:35:18 INFO  Colosseum:150 - the client th-8 damage: 2
2024-05-06 19:35:19 INFO  Colosseum:143 - the client sm-8 damage: 3
2024-05-06 19:35:19 INFO  Colosseum:150 - the client th-8 damage: 1
2024-05-06 19:35:19 INFO  Colosseum:143 - the client sm-8 damage: 3
2024-05-06 19:35:19 INFO  Colosseum:150 - the client th-8 damage: 2
2024-05-06 19:35:19 INFO  Colosseum:143 - the client sm-8 damage: 3
2024-05-06 19:35:19 INFO  Colosseum:150 - the client th-8 damage: 1
2024-05-06 19:35:21 INFO  Colosseum:201 - message sent to client sm-8
2024-05-06 19:35:21 INFO  Colosseum:204 - message sent to client th-8
2024-05-06 19:35:21 INFO  Colosseum:205 - Client sm-8 disconnected
2024-05-06 19:35:21 INFO  Colosseum:206 - Client th-8 disconnected
2024-05-06 19:35:21 INFO  Colosseum:111 - the client sm-9 sent number
2024-05-06 19:35:21 INFO  Colosseum:115 - the client th-9 sent number
2024-05-06 19:35:24 INFO  Colosseum:143 - the client sm-9 damage: 2
2024-05-06 19:35:24 INFO  Colosseum:150 - the client th-9 damage: 1
2024-05-06 19:35:24 INFO  Colosseum:143 - the client sm-9 damage: 1
2024-05-06 19:35:24 INFO  Colosseum:150 - the client th-9 damage: 3
2024-05-06 19:35:24 INFO  Colosseum:143 - the client sm-9 damage: 1
2024-05-06 19:35:24 INFO  Colosseum:150 - the client th-9 damage: 3
2024-05-06 19:35:25 INFO  Colosseum:143 - the client sm-9 damage: 2
2024-05-06 19:35:25 INFO  Colosseum:150 - the client th-9 damage: 3
2024-05-06 19:35:25 INFO  Colosseum:143 - the client sm-9 damage: 2
2024-05-06 19:35:25 INFO  Colosseum:150 - the client th-9 damage: 1
2024-05-06 19:35:26 INFO  Colosseum:143 - the client sm-9 damage: 3
2024-05-06 19:35:26 INFO  Colosseum:150 - the client th-9 damage: 2
2024-05-06 19:35:26 INFO  Colosseum:143 - the client sm-9 damage: 3
2024-05-06 19:35:26 INFO  Colosseum:150 - the client th-9 damage: 3
2024-05-06 19:35:26 INFO  Colosseum:143 - the client sm-9 damage: 3
2024-05-06 19:35:26 INFO  Colosseum:150 - the client th-9 damage: 1
2024-05-06 19:35:27 INFO  Colosseum:143 - the client sm-9 damage: 2
2024-05-06 19:35:27 INFO  Colosseum:150 - the client th-9 damage: 1
2024-05-06 19:35:27 INFO  Colosseum:143 - the client sm-9 damage: 1
2024-05-06 19:35:27 INFO  Colosseum:150 - the client th-9 damage: 3
2024-05-06 19:35:27 INFO  Colosseum:143 - the client sm-9 damage: 3
2024-05-06 19:35:27 INFO  Colosseum:150 - the client th-9 damage: 1
2024-05-06 19:35:28 INFO  Colosseum:143 - the client sm-9 damage: 3
2024-05-06 19:35:28 INFO  Colosseum:150 - the client th-9 damage: 2
2024-05-06 19:35:28 INFO  Colosseum:143 - the client sm-9 damage: 1
2024-05-06 19:35:28 INFO  Colosseum:150 - the client th-9 damage: 2
2024-05-06 19:35:28 INFO  Colosseum:143 - the client sm-9 damage: 1
2024-05-06 19:35:28 INFO  Colosseum:150 - the client th-9 damage: 3
2024-05-06 19:35:29 INFO  Colosseum:143 - the client sm-9 damage: 1
2024-05-06 19:35:29 INFO  Colosseum:150 - the client th-9 damage: 2
2024-05-06 19:35:29 INFO  Colosseum:143 - the client sm-9 damage: 3
2024-05-06 19:35:29 INFO  Colosseum:150 - the client th-9 damage: 3
2024-05-06 19:35:29 INFO  Colosseum:143 - the client sm-9 damage: 3
2024-05-06 19:35:29 INFO  Colosseum:150 - the client th-9 damage: 1
2024-05-06 19:35:30 INFO  Colosseum:143 - the client sm-9 damage: 1
2024-05-06 19:35:30 INFO  Colosseum:150 - the client th-9 damage: 1
2024-05-06 19:35:30 INFO  Colosseum:143 - the client sm-9 damage: 1
2024-05-06 19:35:30 INFO  Colosseum:150 - the client th-9 damage: 3
2024-05-06 19:35:30 INFO  Colosseum:143 - the client sm-9 damage: 2
2024-05-06 19:35:30 INFO  Colosseum:150 - the client th-9 damage: 1
2024-05-06 19:35:31 INFO  Colosseum:143 - the client sm-9 damage: 3
2024-05-06 19:35:31 INFO  Colosseum:150 - the client th-9 damage: 2
2024-05-06 19:35:31 INFO  Colosseum:143 - the client sm-9 damage: 2
2024-05-06 19:35:31 INFO  Colosseum:150 - the client th-9 damage: 1
2024-05-06 19:35:31 INFO  Colosseum:143 - the client sm-9 damage: 1
2024-05-06 19:35:31 INFO  Colosseum:150 - the client th-9 damage: 1
2024-05-06 19:35:32 INFO  Colosseum:143 - the client sm-9 damage: 3
2024-05-06 19:35:32 INFO  Colosseum:150 - the client th-9 damage: 3
2024-05-06 19:35:32 INFO  Colosseum:143 - the client sm-9 damage: 2
2024-05-06 19:35:32 INFO  Colosseum:150 - the client th-9 damage: 2
2024-05-06 19:35:34 INFO  Colosseum:201 - message sent to client sm-9
2024-05-06 19:35:34 INFO  Colosseum:204 - message sent to client th-9
2024-05-06 19:35:34 INFO  Colosseum:205 - Client sm-9 disconnected
2024-05-06 19:35:34 INFO  Colosseum:206 - Client th-9 disconnected
2024-05-06 19:35:34 INFO  Colosseum:111 - the client sm-10 sent number
2024-05-06 19:35:34 INFO  Colosseum:115 - the client th-10 sent number
2024-05-06 19:35:37 INFO  Colosseum:143 - the client sm-10 damage: 1
2024-05-06 19:35:37 INFO  Colosseum:150 - the client th-10 damage: 2
2024-05-06 19:35:37 INFO  Colosseum:143 - the client sm-10 damage: 3
2024-05-06 19:35:37 INFO  Colosseum:150 - the client th-10 damage: 3
2024-05-06 19:35:37 INFO  Colosseum:143 - the client sm-10 damage: 3
2024-05-06 19:35:37 INFO  Colosseum:150 - the client th-10 damage: 1
2024-05-06 19:35:38 INFO  Colosseum:143 - the client sm-10 damage: 1
2024-05-06 19:35:38 INFO  Colosseum:150 - the client th-10 damage: 3
2024-05-06 19:35:38 INFO  Colosseum:143 - the client sm-10 damage: 2
2024-05-06 19:35:38 INFO  Colosseum:150 - the client th-10 damage: 2
2024-05-06 19:35:38 INFO  Colosseum:143 - the client sm-10 damage: 3
2024-05-06 19:35:38 INFO  Colosseum:150 - the client th-10 damage: 1
2024-05-06 19:35:39 INFO  Colosseum:143 - the client sm-10 damage: 1
2024-05-06 19:35:39 INFO  Colosseum:150 - the client th-10 damage: 1
2024-05-06 19:35:39 INFO  Colosseum:143 - the client sm-10 damage: 1
2024-05-06 19:35:39 INFO  Colosseum:150 - the client th-10 damage: 3
2024-05-06 19:35:39 INFO  Colosseum:143 - the client sm-10 damage: 1
2024-05-06 19:35:39 INFO  Colosseum:150 - the client th-10 damage: 1
2024-05-06 19:35:40 INFO  Colosseum:143 - the client sm-10 damage: 3
2024-05-06 19:35:40 INFO  Colosseum:150 - the client th-10 damage: 1
2024-05-06 19:35:40 INFO  Colosseum:143 - the client sm-10 damage: 1
2024-05-06 19:35:40 INFO  Colosseum:150 - the client th-10 damage: 3
2024-05-06 19:35:40 INFO  Colosseum:143 - the client sm-10 damage: 2
2024-05-06 19:35:40 INFO  Colosseum:150 - the client th-10 damage: 3
2024-05-06 19:35:41 INFO  Colosseum:143 - the client sm-10 damage: 3
2024-05-06 19:35:41 INFO  Colosseum:150 - the client th-10 damage: 3
2024-05-06 19:35:41 INFO  Colosseum:143 - the client sm-10 damage: 3
2024-05-06 19:35:41 INFO  Colosseum:150 - the client th-10 damage: 1
2024-05-06 19:35:41 INFO  Colosseum:143 - the client sm-10 damage: 1
2024-05-06 19:35:41 INFO  Colosseum:150 - the client th-10 damage: 3
2024-05-06 19:35:42 INFO  Colosseum:143 - the client sm-10 damage: 1
2024-05-06 19:35:42 INFO  Colosseum:150 - the client th-10 damage: 2
2024-05-06 19:35:42 INFO  Colosseum:143 - the client sm-10 damage: 3
2024-05-06 19:35:42 INFO  Colosseum:150 - the client th-10 damage: 3
2024-05-06 19:35:43 INFO  Colosseum:143 - the client sm-10 damage: 2
2024-05-06 19:35:43 INFO  Colosseum:150 - the client th-10 damage: 1
2024-05-06 19:35:43 INFO  Colosseum:143 - the client sm-10 damage: 3
2024-05-06 19:35:43 INFO  Colosseum:150 - the client th-10 damage: 3
2024-05-06 19:35:43 INFO  Colosseum:143 - the client sm-10 damage: 1
2024-05-06 19:35:43 INFO  Colosseum:150 - the client th-10 damage: 3
2024-05-06 19:35:44 INFO  Colosseum:143 - the client sm-10 damage: 1
2024-05-06 19:35:44 INFO  Colosseum:150 - the client th-10 damage: 3
2024-05-06 19:35:44 INFO  Colosseum:143 - the client sm-10 damage: 1
2024-05-06 19:35:44 INFO  Colosseum:150 - the client th-10 damage: 3
2024-05-06 19:35:44 INFO  Colosseum:143 - the client sm-10 damage: 1
2024-05-06 19:35:44 INFO  Colosseum:150 - the client th-10 damage: 2
2024-05-06 19:35:46 INFO  Colosseum:201 - message sent to client sm-10
2024-05-06 19:35:46 INFO  Colosseum:204 - message sent to client th-10
2024-05-06 19:35:46 INFO  Colosseum:205 - Client sm-10 disconnected
2024-05-06 19:35:46 INFO  Colosseum:206 - Client th-10 disconnected
2024-05-06 19:37:31 INFO  Colosseum:73 - 

SERVER STARTED
2024-05-06 19:37:34 INFO  Colosseum:284 - Client 0 connected
2024-05-06 19:37:35 INFO  Colosseum:284 - Client 1 connected
2024-05-06 19:37:35 INFO  Colosseum:284 - Client 2 connected
2024-05-06 19:37:35 INFO  Colosseum:284 - Client 3 connected
2024-05-06 19:37:35 INFO  Colosseum:284 - Client 4 connected
2024-05-06 19:37:35 INFO  Colosseum:284 - Client 5 connected
2024-05-06 19:37:35 INFO  Colosseum:111 - the client sm-1 sent number
2024-05-06 19:37:35 INFO  Colosseum:115 - the client th-1 sent number
2024-05-06 19:37:38 INFO  Colosseum:143 - the client sm-1 damage: 2
2024-05-06 19:37:38 INFO  Colosseum:150 - the client th-1 damage: 1
2024-05-06 19:37:38 INFO  Colosseum:143 - the client sm-1 damage: 3
2024-05-06 19:37:38 INFO  Colosseum:150 - the client th-1 damage: 3
2024-05-06 19:37:38 INFO  Colosseum:143 - the client sm-1 damage: 3
2024-05-06 19:37:38 INFO  Colosseum:150 - the client th-1 damage: 2
2024-05-06 19:37:39 INFO  Colosseum:143 - the client sm-1 damage: 1
2024-05-06 19:37:39 INFO  Colosseum:150 - the client th-1 damage: 1
2024-05-06 19:37:39 INFO  Colosseum:143 - the client sm-1 damage: 1
2024-05-06 19:37:39 INFO  Colosseum:150 - the client th-1 damage: 2
2024-05-06 19:37:39 INFO  Colosseum:143 - the client sm-1 damage: 1
2024-05-06 19:37:39 INFO  Colosseum:150 - the client th-1 damage: 3
2024-05-06 19:37:40 INFO  Colosseum:143 - the client sm-1 damage: 2
2024-05-06 19:37:40 INFO  Colosseum:150 - the client th-1 damage: 1
2024-05-06 19:37:40 INFO  Colosseum:143 - the client sm-1 damage: 2
2024-05-06 19:37:40 INFO  Colosseum:150 - the client th-1 damage: 2
2024-05-06 19:37:40 INFO  Colosseum:143 - the client sm-1 damage: 1
2024-05-06 19:37:40 INFO  Colosseum:150 - the client th-1 damage: 3
2024-05-06 19:37:41 INFO  Colosseum:143 - the client sm-1 damage: 2
2024-05-06 19:37:41 INFO  Colosseum:150 - the client th-1 damage: 3
2024-05-06 19:37:41 INFO  Colosseum:143 - the client sm-1 damage: 2
2024-05-06 19:37:41 INFO  Colosseum:150 - the client th-1 damage: 1
2024-05-06 19:37:42 INFO  Colosseum:143 - the client sm-1 damage: 1
2024-05-06 19:37:42 INFO  Colosseum:150 - the client th-1 damage: 2
2024-05-06 19:37:42 INFO  Colosseum:143 - the client sm-1 damage: 3
2024-05-06 19:37:42 INFO  Colosseum:150 - the client th-1 damage: 3
2024-05-06 19:37:42 INFO  Colosseum:143 - the client sm-1 damage: 2
2024-05-06 19:37:42 INFO  Colosseum:150 - the client th-1 damage: 1
2024-05-06 19:37:43 INFO  Colosseum:143 - the client sm-1 damage: 1
2024-05-06 19:37:43 INFO  Colosseum:150 - the client th-1 damage: 2
2024-05-06 19:37:43 INFO  Colosseum:143 - the client sm-1 damage: 1
2024-05-06 19:37:43 INFO  Colosseum:150 - the client th-1 damage: 2
2024-05-06 19:37:43 INFO  Colosseum:143 - the client sm-1 damage: 3
2024-05-06 19:37:43 INFO  Colosseum:150 - the client th-1 damage: 2
2024-05-06 19:37:44 INFO  Colosseum:143 - the client sm-1 damage: 1
2024-05-06 19:37:44 INFO  Colosseum:150 - the client th-1 damage: 1
2024-05-06 19:37:44 INFO  Colosseum:143 - the client sm-1 damage: 2
2024-05-06 19:37:44 INFO  Colosseum:150 - the client th-1 damage: 3
2024-05-06 19:37:44 INFO  Colosseum:143 - the client sm-1 damage: 3
2024-05-06 19:37:44 INFO  Colosseum:150 - the client th-1 damage: 3
2024-05-06 19:37:45 INFO  Colosseum:143 - the client sm-1 damage: 2
2024-05-06 19:37:45 INFO  Colosseum:150 - the client th-1 damage: 3
2024-05-06 19:37:45 INFO  Colosseum:143 - the client sm-1 damage: 2
2024-05-06 19:37:45 INFO  Colosseum:150 - the client th-1 damage: 1
2024-05-06 19:37:45 INFO  Colosseum:143 - the client sm-1 damage: 1
2024-05-06 19:37:45 INFO  Colosseum:150 - the client th-1 damage: 3
2024-05-06 19:37:46 INFO  Colosseum:143 - the client sm-1 damage: 3
2024-05-06 19:37:46 INFO  Colosseum:150 - the client th-1 damage: 2
2024-05-06 19:37:47 INFO  Colosseum:203 - message sent to client sm-1
2024-05-06 19:37:47 INFO  Colosseum:206 - message sent to client th-1
2024-05-06 19:37:47 INFO  Colosseum:207 - Client sm-1 disconnected
2024-05-06 19:37:47 INFO  Colosseum:208 - Client th-1 disconnected
2024-05-06 19:37:47 INFO  Colosseum:111 - the client sm-2 sent number
2024-05-06 19:37:47 INFO  Colosseum:115 - the client th-2 sent number
2024-05-06 19:37:50 INFO  Colosseum:143 - the client sm-2 damage: 2
2024-05-06 19:37:50 INFO  Colosseum:150 - the client th-2 damage: 1
2024-05-06 19:37:50 INFO  Colosseum:143 - the client sm-2 damage: 3
2024-05-06 19:37:50 INFO  Colosseum:150 - the client th-2 damage: 1
2024-05-06 19:37:51 INFO  Colosseum:143 - the client sm-2 damage: 1
2024-05-06 19:37:51 INFO  Colosseum:150 - the client th-2 damage: 2
2024-05-06 19:37:51 INFO  Colosseum:143 - the client sm-2 damage: 2
2024-05-06 19:37:51 INFO  Colosseum:150 - the client th-2 damage: 3
2024-05-06 19:37:52 INFO  Colosseum:143 - the client sm-2 damage: 1
2024-05-06 19:37:52 INFO  Colosseum:150 - the client th-2 damage: 1
2024-05-06 19:37:52 INFO  Colosseum:143 - the client sm-2 damage: 3
2024-05-06 19:37:52 INFO  Colosseum:150 - the client th-2 damage: 2
2024-05-06 19:37:52 INFO  Colosseum:143 - the client sm-2 damage: 2
2024-05-06 19:37:52 INFO  Colosseum:150 - the client th-2 damage: 3
2024-05-06 19:37:53 INFO  Colosseum:143 - the client sm-2 damage: 3
2024-05-06 19:37:53 INFO  Colosseum:150 - the client th-2 damage: 2
2024-05-06 19:37:53 INFO  Colosseum:143 - the client sm-2 damage: 2
2024-05-06 19:37:53 INFO  Colosseum:150 - the client th-2 damage: 1
2024-05-06 19:37:53 INFO  Colosseum:143 - the client sm-2 damage: 1
2024-05-06 19:37:53 INFO  Colosseum:150 - the client th-2 damage: 1
2024-05-06 19:37:54 INFO  Colosseum:143 - the client sm-2 damage: 3
2024-05-06 19:37:54 INFO  Colosseum:150 - the client th-2 damage: 2
2024-05-06 19:37:54 INFO  Colosseum:143 - the client sm-2 damage: 2
2024-05-06 19:37:54 INFO  Colosseum:150 - the client th-2 damage: 3
2024-05-06 19:37:54 INFO  Colosseum:143 - the client sm-2 damage: 2
2024-05-06 19:37:54 INFO  Colosseum:150 - the client th-2 damage: 1
2024-05-06 19:37:55 INFO  Colosseum:143 - the client sm-2 damage: 1
2024-05-06 19:37:55 INFO  Colosseum:150 - the client th-2 damage: 2
2024-05-06 19:37:55 INFO  Colosseum:143 - the client sm-2 damage: 1
2024-05-06 19:37:55 INFO  Colosseum:150 - the client th-2 damage: 2
2024-05-06 19:37:55 INFO  Colosseum:143 - the client sm-2 damage: 1
2024-05-06 19:37:55 INFO  Colosseum:150 - the client th-2 damage: 3
2024-05-06 19:37:56 INFO  Colosseum:143 - the client sm-2 damage: 2
2024-05-06 19:37:56 INFO  Colosseum:150 - the client th-2 damage: 3
2024-05-06 19:37:56 INFO  Colosseum:143 - the client sm-2 damage: 2
2024-05-06 19:37:56 INFO  Colosseum:150 - the client th-2 damage: 1
2024-05-06 19:37:56 INFO  Colosseum:143 - the client sm-2 damage: 3
2024-05-06 19:37:56 INFO  Colosseum:150 - the client th-2 damage: 2
2024-05-06 19:37:57 INFO  Colosseum:143 - the client sm-2 damage: 2
2024-05-06 19:37:57 INFO  Colosseum:150 - the client th-2 damage: 1
2024-05-06 19:37:57 INFO  Colosseum:143 - the client sm-2 damage: 1
2024-05-06 19:37:57 INFO  Colosseum:150 - the client th-2 damage: 2
2024-05-06 19:37:58 INFO  Colosseum:143 - the client sm-2 damage: 3
2024-05-06 19:37:58 INFO  Colosseum:150 - the client th-2 damage: 2
2024-05-06 19:37:58 INFO  Colosseum:143 - the client sm-2 damage: 1
2024-05-06 19:37:58 INFO  Colosseum:150 - the client th-2 damage: 2
2024-05-06 19:37:58 INFO  Colosseum:143 - the client sm-2 damage: 2
2024-05-06 19:37:58 INFO  Colosseum:150 - the client th-2 damage: 1
2024-05-06 19:37:59 INFO  Colosseum:143 - the client sm-2 damage: 2
2024-05-06 19:37:59 INFO  Colosseum:150 - the client th-2 damage: 3
2024-05-06 19:37:59 INFO  Colosseum:143 - the client sm-2 damage: 3
2024-05-06 19:37:59 INFO  Colosseum:150 - the client th-2 damage: 3
2024-05-06 19:38:00 INFO  Colosseum:203 - message sent to client sm-2
2024-05-06 19:38:00 INFO  Colosseum:206 - message sent to client th-2
2024-05-06 19:38:00 INFO  Colosseum:207 - Client sm-2 disconnected
2024-05-06 19:38:00 INFO  Colosseum:208 - Client th-2 disconnected
2024-05-06 19:38:00 INFO  Colosseum:111 - the client sm-3 sent number
2024-05-06 19:38:00 INFO  Colosseum:115 - the client th-3 sent number
2024-05-06 19:38:03 INFO  Colosseum:143 - the client sm-3 damage: 3
2024-05-06 19:38:03 INFO  Colosseum:150 - the client th-3 damage: 1
2024-05-06 19:38:04 INFO  Colosseum:143 - the client sm-3 damage: 1
2024-05-06 19:38:04 INFO  Colosseum:150 - the client th-3 damage: 1
2024-05-06 19:38:04 INFO  Colosseum:143 - the client sm-3 damage: 2
2024-05-06 19:38:04 INFO  Colosseum:150 - the client th-3 damage: 3
2024-05-06 19:38:04 INFO  Colosseum:143 - the client sm-3 damage: 2
2024-05-06 19:38:04 INFO  Colosseum:150 - the client th-3 damage: 1
2024-05-06 19:38:05 INFO  Colosseum:143 - the client sm-3 damage: 3
2024-05-06 19:38:05 INFO  Colosseum:150 - the client th-3 damage: 3
2024-05-06 19:38:05 INFO  Colosseum:143 - the client sm-3 damage: 3
2024-05-06 19:38:05 INFO  Colosseum:150 - the client th-3 damage: 3
2024-05-06 19:38:05 INFO  Colosseum:143 - the client sm-3 damage: 2
2024-05-06 19:38:05 INFO  Colosseum:150 - the client th-3 damage: 3
2024-05-06 19:38:06 INFO  Colosseum:143 - the client sm-3 damage: 3
2024-05-06 19:38:06 INFO  Colosseum:150 - the client th-3 damage: 3
2024-05-06 19:38:06 INFO  Colosseum:143 - the client sm-3 damage: 3
2024-05-06 19:38:06 INFO  Colosseum:150 - the client th-3 damage: 1
2024-05-06 19:38:06 INFO  Colosseum:143 - the client sm-3 damage: 3
2024-05-06 19:38:06 INFO  Colosseum:150 - the client th-3 damage: 2
2024-05-06 19:38:07 INFO  Colosseum:143 - the client sm-3 damage: 1
2024-05-06 19:38:07 INFO  Colosseum:150 - the client th-3 damage: 1
2024-05-06 19:38:07 INFO  Colosseum:143 - the client sm-3 damage: 1
2024-05-06 19:38:07 INFO  Colosseum:150 - the client th-3 damage: 3
2024-05-06 19:38:07 INFO  Colosseum:143 - the client sm-3 damage: 1
2024-05-06 19:38:07 INFO  Colosseum:150 - the client th-3 damage: 2
2024-05-06 19:38:08 INFO  Colosseum:143 - the client sm-3 damage: 2
2024-05-06 19:38:08 INFO  Colosseum:150 - the client th-3 damage: 1
2024-05-06 19:38:08 INFO  Colosseum:143 - the client sm-3 damage: 3
2024-05-06 19:38:08 INFO  Colosseum:150 - the client th-3 damage: 3
2024-05-06 19:38:09 INFO  Colosseum:143 - the client sm-3 damage: 2
2024-05-06 19:38:09 INFO  Colosseum:150 - the client th-3 damage: 3
2024-05-06 19:38:09 INFO  Colosseum:143 - the client sm-3 damage: 3
2024-05-06 19:38:09 INFO  Colosseum:150 - the client th-3 damage: 2
2024-05-06 19:38:09 INFO  Colosseum:143 - the client sm-3 damage: 1
2024-05-06 19:38:09 INFO  Colosseum:150 - the client th-3 damage: 1
2024-05-06 19:38:10 INFO  Colosseum:143 - the client sm-3 damage: 2
2024-05-06 19:38:10 INFO  Colosseum:150 - the client th-3 damage: 3
2024-05-06 19:38:10 INFO  Colosseum:143 - the client sm-3 damage: 1
2024-05-06 19:38:10 INFO  Colosseum:150 - the client th-3 damage: 3
2024-05-06 19:38:10 INFO  Colosseum:143 - the client sm-3 damage: 3
2024-05-06 19:38:10 INFO  Colosseum:150 - the client th-3 damage: 3
2024-05-06 19:38:11 INFO  Colosseum:143 - the client sm-3 damage: 1
2024-05-06 19:38:11 INFO  Colosseum:150 - the client th-3 damage: 1
2024-05-06 19:38:11 INFO  Colosseum:143 - the client sm-3 damage: 3
2024-05-06 19:38:11 INFO  Colosseum:150 - the client th-3 damage: 2
2024-05-06 19:38:11 INFO  Colosseum:143 - the client sm-3 damage: 3
2024-05-06 19:38:11 INFO  Colosseum:150 - the client th-3 damage: 3
2024-05-06 19:38:13 INFO  Colosseum:203 - message sent to client sm-3
2024-05-06 19:38:13 INFO  Colosseum:206 - message sent to client th-3
2024-05-06 19:38:13 INFO  Colosseum:207 - Client sm-3 disconnected
2024-05-06 19:38:13 INFO  Colosseum:208 - Client th-3 disconnected
2024-05-06 19:50:31 INFO  Colosseum:73 - 

SERVER STARTED
2024-05-06 19:51:36 INFO  Colosseum:73 - 

SERVER STARTED
2024-05-06 20:31:45 INFO  Colosseum:73 - 

SERVER STARTED
2024-05-06 20:32:11 INFO  Colosseum:73 - 

SERVER STARTED
2024-05-06 20:32:13 INFO  Colosseum:282 - Client 0 connected
2024-05-06 20:32:13 INFO  Colosseum:282 - Client 1 connected
2024-05-06 20:32:13 INFO  Colosseum:282 - Client 2 connected
2024-05-06 20:32:13 INFO  Colosseum:282 - Client 3 connected
2024-05-06 20:32:13 INFO  Colosseum:111 - the client sm-1 sent number
2024-05-06 20:32:13 INFO  Colosseum:115 - the client th-1 sent number
